0 info it worked if it ends with ok
1 verbose cli [ 'C:\\Program Files (x86)\\Microsoft Visual Studio\\2017\\Community\\Web\\External\\Node.exe',
1 verbose cli   'C:\\Program Files (x86)\\Microsoft Visual Studio\\2017\\Community\\Web\\External\\node_modules\\npm\\bin\\npm-cli.js',
1 verbose cli   'install' ]
2 info using npm@3.3.4
3 info using node@v5.4.1
4 silly loadCurrentTree Starting
5 silly install loadCurrentTree
6 silly install readLocalPackageData
7 silly install normalizeTree
8 silly loadCurrentTree Finishing
9 silly loadIdealTree Starting
10 silly install loadIdealTree
11 silly cloneCurrentTree Starting
12 silly install cloneCurrentTreeToIdealTree
13 silly cloneCurrentTree Finishing
14 silly loadShrinkwrap Starting
15 silly install loadShrinkwrap
16 silly loadShrinkwrap Finishing
17 silly loadAllDepsIntoIdealTree Starting
18 silly install loadAllDepsIntoIdealTree
19 silly fetchNamedPackageData jshint
20 silly mapToRegistry name jshint
21 silly mapToRegistry using default registry
22 silly mapToRegistry registry https://registry.npmjs.org/
23 silly mapToRegistry uri https://registry.npmjs.org/jshint
24 verbose request uri https://registry.npmjs.org/jshint
25 verbose request no auth needed
26 info attempt registry request try #1 at 11:49:32 AM
27 verbose request using bearer token for auth
28 verbose request id 8db4cc85dfb7b77c
29 verbose etag W/"59242a6d-1d75d"
30 verbose lastModified Tue, 23 May 2017 12:26:21 GMT
31 http request GET https://registry.npmjs.org/jshint
32 info retry will retry, error on last attempt: Error: connect EACCES 151.101.112.162:443
33 info attempt registry request try #2 at 11:49:42 AM
34 verbose request using bearer token for auth
35 verbose etag W/"59242a6d-1d75d"
36 verbose lastModified Tue, 23 May 2017 12:26:21 GMT
37 http request GET https://registry.npmjs.org/jshint
38 info retry will retry, error on last attempt: Error: connect EACCES 151.101.112.162:443
39 info attempt registry request try #3 at 11:50:42 AM
40 verbose request using bearer token for auth
41 verbose etag W/"59242a6d-1d75d"
42 verbose lastModified Tue, 23 May 2017 12:26:21 GMT
43 http request GET https://registry.npmjs.org/jshint
44 silly get cb [ 304, undefined ]
45 verbose etag https://registry.npmjs.org/jshint from cache
46 verbose get saving jshint to C:\Users\gibbo\AppData\Roaming\npm-cache\registry.npmjs.org\jshint\.cache.json
47 silly resolveWithNewModule jshint@2.9.4 checking installable status
48 silly cache add args [ 'jshint @^2.9.4', null ]
49 verbose cache add spec jshint @^2.9.4
50 silly cache add parsed spec Result {
50 silly cache add   raw: 'jshint @^2.9.4',
50 silly cache add   scope: null,
50 silly cache add   name: 'jshint ',
50 silly cache add   rawSpec: '^2.9.4',
50 silly cache add   spec: '>=2.9.4-0 <3.0.0-0',
50 silly cache add   type: 'range' }
51 silly addNamed jshint @>=2.9.4-0 <3.0.0-0
52 verbose addNamed ">=2.9.4-0 <3.0.0-0" is a valid semver range for jshint
53 silly addNameRange { name: 'jshint ', range: '>=2.9.4-0 <3.0.0-0', hasData: false }
54 silly mapToRegistry name jshint
55 silly mapToRegistry using default registry
56 silly mapToRegistry registry https://registry.npmjs.org/
57 silly mapToRegistry uri https://registry.npmjs.org/jshint
58 verbose addNameRange registry:https://registry.npmjs.org/jshint not in flight; fetching
59 verbose get https://registry.npmjs.org/jshint not expired, no request
60 silly addNameRange number 2 { name: 'jshint ', range: '>=2.9.4-0 <3.0.0-0', hasData: true }
61 silly addNameRange versions [ 'jshint',
61 silly addNameRange   [ '0.1.8',
61 silly addNameRange     '0.1.9',
61 silly addNameRange     '0.2.0',
61 silly addNameRange     '0.2.1',
61 silly addNameRange     '0.2.2',
61 silly addNameRange     '0.2.3',
61 silly addNameRange     '0.3.0',
61 silly addNameRange     '0.3.1',
61 silly addNameRange     '0.4.0',
61 silly addNameRange     '0.5.0',
61 silly addNameRange     '0.5.1',
61 silly addNameRange     '0.5.2',
61 silly addNameRange     '0.5.3',
61 silly addNameRange     '0.5.4',
61 silly addNameRange     '0.5.5',
61 silly addNameRange     '0.5.6',
61 silly addNameRange     '0.5.7',
61 silly addNameRange     '0.5.8',
61 silly addNameRange     '0.5.9',
61 silly addNameRange     '0.6.0',
61 silly addNameRange     '0.6.1',
61 silly addNameRange     '0.6.2',
61 silly addNameRange     '0.6.3',
61 silly addNameRange     '0.7.0',
61 silly addNameRange     '0.7.1',
61 silly addNameRange     '0.7.2',
61 silly addNameRange     '0.7.3',
61 silly addNameRange     '0.8.0',
61 silly addNameRange     '0.8.1',
61 silly addNameRange     '0.8.2',
61 silly addNameRange     '0.9.0',
61 silly addNameRange     '0.9.1',
61 silly addNameRange     '1.0.0',
61 silly addNameRange     '1.1.0',
61 silly addNameRange     '2.0.0',
61 silly addNameRange     '2.0.1',
61 silly addNameRange     '2.1.0',
61 silly addNameRange     '2.1.1',
61 silly addNameRange     '2.1.2',
61 silly addNameRange     '2.1.3',
61 silly addNameRange     '2.1.4',
61 silly addNameRange     '2.1.5',
61 silly addNameRange     '2.1.6',
61 silly addNameRange     '2.1.7',
61 silly addNameRange     '2.1.8',
61 silly addNameRange     '2.1.9',
61 silly addNameRange     '2.1.10',
61 silly addNameRange     '2.1.11',
61 silly addNameRange     '2.2.0',
61 silly addNameRange     '2.3.0',
61 silly addNameRange     '2.4.0',
61 silly addNameRange     '2.4.1',
61 silly addNameRange     '2.4.2',
61 silly addNameRange     '2.4.3',
61 silly addNameRange     '2.4.4',
61 silly addNameRange     '2.5.0',
61 silly addNameRange     '2.5.1',
61 silly addNameRange     '2.5.2',
61 silly addNameRange     '2.5.3',
61 silly addNameRange     '2.5.4',
61 silly addNameRange     '2.5.5',
61 silly addNameRange     '2.5.6',
61 silly addNameRange     '2.5.7',
61 silly addNameRange     '2.5.8',
61 silly addNameRange     '2.5.9',
61 silly addNameRange     '2.5.10',
61 silly addNameRange     '2.5.11',
61 silly addNameRange     '2.6.0',
61 silly addNameRange     '2.6.1',
61 silly addNameRange     '2.6.2',
61 silly addNameRange     '2.6.3',
61 silly addNameRange     '2.7.0',
61 silly addNameRange     '2.8.0',
61 silly addNameRange     '2.9.1-rc1',
61 silly addNameRange     '2.9.1-rc2',
61 silly addNameRange     '2.9.1-rc3',
61 silly addNameRange     '2.9.1',
61 silly addNameRange     '2.9.2',
61 silly addNameRange     '2.9.3',
61 silly addNameRange     '2.9.4' ] ]
62 silly addNamed jshint @2.9.4
63 verbose addNamed "2.9.4" is a plain semver version for jshint
64 silly mapToRegistry name jshint
65 silly mapToRegistry using default registry
66 silly mapToRegistry registry https://registry.npmjs.org/
67 silly mapToRegistry uri https://registry.npmjs.org/jshint
68 verbose addRemoteTarball https://registry.npmjs.org/jshint/-/jshint-2.9.4.tgz not in flight; adding
69 verbose addRemoteTarball [ 'https://registry.npmjs.org/jshint/-/jshint-2.9.4.tgz',
69 verbose addRemoteTarball   '5e3ba97848d5290273db514aee47fe24cf592934' ]
70 info retry fetch attempt 1 at 11:50:42 AM
71 info attempt registry request try #1 at 11:50:42 AM
72 http fetch GET https://registry.npmjs.org/jshint/-/jshint-2.9.4.tgz
73 verbose request using bearer token for auth
74 info retry will retry, error on last attempt: Error: connect EACCES 151.101.112.162:443
75 info attempt registry request try #2 at 11:50:52 AM
76 http fetch GET https://registry.npmjs.org/jshint/-/jshint-2.9.4.tgz
77 verbose request using bearer token for auth
78 info retry will retry, error on last attempt: Error: connect EACCES 151.101.112.162:443
79 info attempt registry request try #3 at 11:51:52 AM
80 http fetch GET https://registry.npmjs.org/jshint/-/jshint-2.9.4.tgz
81 verbose request using bearer token for auth
82 error fetch failed https://registry.npmjs.org/jshint/-/jshint-2.9.4.tgz
83 warn retry will retry, error on last attempt: Error: connect EACCES 151.101.112.162:443
84 info retry fetch attempt 2 at 11:52:02 AM
85 info attempt registry request try #1 at 11:52:02 AM
86 http fetch GET https://registry.npmjs.org/jshint/-/jshint-2.9.4.tgz
87 verbose request using bearer token for auth
88 info retry will retry, error on last attempt: Error: connect EACCES 151.101.112.162:443
89 info attempt registry request try #2 at 11:52:12 AM
90 http fetch GET https://registry.npmjs.org/jshint/-/jshint-2.9.4.tgz
91 verbose request using bearer token for auth
92 info retry will retry, error on last attempt: Error: connect EACCES 151.101.112.162:443
93 info attempt registry request try #3 at 11:53:12 AM
94 http fetch GET https://registry.npmjs.org/jshint/-/jshint-2.9.4.tgz
95 verbose request using bearer token for auth
96 error fetch failed https://registry.npmjs.org/jshint/-/jshint-2.9.4.tgz
97 warn retry will retry, error on last attempt: Error: connect EACCES 151.101.112.162:443
98 info retry fetch attempt 3 at 11:54:12 AM
99 info attempt registry request try #1 at 11:54:12 AM
100 http fetch GET https://registry.npmjs.org/jshint/-/jshint-2.9.4.tgz
101 verbose request using bearer token for auth
102 info retry will retry, error on last attempt: Error: connect EACCES 151.101.112.162:443
103 info attempt registry request try #2 at 11:54:22 AM
104 http fetch GET https://registry.npmjs.org/jshint/-/jshint-2.9.4.tgz
105 verbose request using bearer token for auth
106 info retry will retry, error on last attempt: Error: connect EACCES 151.101.112.162:443
107 info attempt registry request try #3 at 11:55:22 AM
108 http fetch GET https://registry.npmjs.org/jshint/-/jshint-2.9.4.tgz
109 verbose request using bearer token for auth
110 error fetch failed https://registry.npmjs.org/jshint/-/jshint-2.9.4.tgz
111 silly rollbackFailedOptional Starting
112 silly rollbackFailedOptional Finishing
113 silly runTopLevelLifecycles Starting
114 silly runTopLevelLifecycles Finishing
115 silly install printInstalled
116 verbose stack Error: connect EACCES 151.101.112.162:443
116 verbose stack     at Object.exports._errnoException (util.js:856:11)
116 verbose stack     at exports._exceptionWithHostPort (util.js:879:20)
116 verbose stack     at TCPConnectWrap.afterConnect [as oncomplete] (net.js:1062:14)
117 verbose cwd C:\Users\gibbo\Documents\projects\gibbok\dijit-select-optgroup
118 error Windows_NT 10.0.15063
119 error argv "C:\\Program Files (x86)\\Microsoft Visual Studio\\2017\\Community\\Web\\External\\Node.exe" "C:\\Program Files (x86)\\Microsoft Visual Studio\\2017\\Community\\Web\\External\\node_modules\\npm\\bin\\npm-cli.js" "install"
120 error node v5.4.1
121 error npm  v3.3.4
122 error code EACCES
123 error errno EACCES
124 error syscall connect
125 error Error: connect EACCES 151.101.112.162:443
125 error     at Object.exports._errnoException (util.js:856:11)
125 error     at exports._exceptionWithHostPort (util.js:879:20)
125 error     at TCPConnectWrap.afterConnect [as oncomplete] (net.js:1062:14)
125 error  { [Error: connect EACCES 151.101.112.162:443]
125 error   code: 'EACCES',
125 error   errno: 'EACCES',
125 error   syscall: 'connect',
125 error   address: '151.101.112.162',
125 error   port: 443,
125 error   parent: 'dijit-select-optgroup' }
126 error Please try running this command again as root/Administrator.
127 verbose exit [ 1, true ]
